2024-03-06 10:36:59,737 - instabot version: 0.117.0 (bot) - INFO - Instabot version: 0.117.0 Started
2024-03-06 10:36:59,738 - instabot version: 0.117.0 (bot) - DEBUG - Bot imported from C:\Users\Dell\PycharmProjects\ecommerce\.venv\Lib\site-packages\instabot\bot\bot.py
2024-03-06 10:36:59,739 - instabot version: 0.117.0 (api_login) - INFO - Not yet logged in starting: PRE-LOGIN FLOW!
2024-03-06 10:37:00,914 - instabot version: 0.117.0 (api) - DEBUG - POST to endpoint: accounts/get_prefill_candidates/ returned response: <Response [200]>
2024-03-06 10:37:01,970 - instabot version: 0.117.0 (api) - DEBUG - POST to endpoint: qe/sync/ returned response: <Response [200]>
2024-03-06 10:37:03,033 - instabot version: 0.117.0 (api) - DEBUG - POST to endpoint: launcher/sync/ returned response: <Response [200]>
2024-03-06 10:37:04,083 - instabot version: 0.117.0 (api) - DEBUG - POST to endpoint: accounts/contact_point_prefill/ returned response: <Response [200]>
2024-03-06 10:37:06,571 - instabot version: 0.117.0 (api) - DEBUG - POST to endpoint: accounts/login/ returned response: <Response [400]>
2024-03-06 10:37:06,571 - instabot version: 0.117.0 (api) - DEBUG - Responsecode indicates error; response content: b'{"message":"The username you entered doesn\'t appear to belong to an account. Please check your username and try again.","status":"fail","error_title":"Incorrect username","buttons":[{"title":"Try Again","action":"dismiss"}],"invalid_credentials":true,"exception_name":"UserInvalidCredentials","error_type":"invalid_user"}'
2024-03-06 10:37:06,572 - instabot version: 0.117.0 (api) - ERROR - Request returns 400 error!
2024-03-06 10:37:06,572 - instabot version: 0.117.0 (api) - INFO - Instagram's error message: The username you entered doesn't appear to belong to an account. Please check your username and try again.
2024-03-06 10:37:06,573 - instabot version: 0.117.0 (api) - INFO - Error type: invalid_user
2024-03-06 10:37:06,573 - instabot version: 0.117.0 (api) - ERROR - Failed to login go to instagram and change your password
2024-03-06 10:37:06,573 - instabot version: 0.117.0 (api) - INFO - Username or password is incorrect.
2024-03-06 10:37:27,480 - instabot version: 0.117.0 (bot) - INFO - Instabot version: 0.117.0 Started
2024-03-06 10:37:27,481 - instabot version: 0.117.0 (bot) - DEBUG - Bot imported from C:\Users\Dell\PycharmProjects\ecommerce\.venv\Lib\site-packages\instabot\bot\bot.py
2024-03-06 10:37:27,482 - instabot version: 0.117.0 (api_login) - INFO - Not yet logged in starting: PRE-LOGIN FLOW!
2024-03-06 10:37:28,856 - instabot version: 0.117.0 (api) - DEBUG - POST to endpoint: accounts/get_prefill_candidates/ returned response: <Response [200]>
2024-03-06 10:37:29,926 - instabot version: 0.117.0 (api) - DEBUG - POST to endpoint: qe/sync/ returned response: <Response [200]>
2024-03-06 10:37:30,977 - instabot version: 0.117.0 (api) - DEBUG - POST to endpoint: launcher/sync/ returned response: <Response [200]>
2024-03-06 10:37:32,305 - instabot version: 0.117.0 (api) - DEBUG - POST to endpoint: accounts/contact_point_prefill/ returned response: <Response [200]>
2024-03-06 10:37:34,329 - instabot version: 0.117.0 (api) - DEBUG - POST to endpoint: accounts/login/ returned response: <Response [400]>
2024-03-06 10:37:34,330 - instabot version: 0.117.0 (api) - DEBUG - Responsecode indicates error; response content: b'{"message":"The username you entered doesn\'t appear to belong to an account. Please check your username and try again.","status":"fail","error_title":"Incorrect username","buttons":[{"title":"Try Again","action":"dismiss"}],"invalid_credentials":true,"exception_name":"UserInvalidCredentials","error_type":"invalid_user"}'
2024-03-06 10:37:34,330 - instabot version: 0.117.0 (api) - ERROR - Request returns 400 error!
2024-03-06 10:37:34,331 - instabot version: 0.117.0 (api) - INFO - Instagram's error message: The username you entered doesn't appear to belong to an account. Please check your username and try again.
2024-03-06 10:37:34,331 - instabot version: 0.117.0 (api) - INFO - Error type: invalid_user
2024-03-06 10:37:34,332 - instabot version: 0.117.0 (api) - ERROR - Failed to login go to instagram and change your password
2024-03-06 10:37:34,333 - instabot version: 0.117.0 (api) - INFO - Username or password is incorrect.
